<?xml version="1.0" encoding="UTF-8"?>
<!-- Generated by org.testng.reporters.JUnitReportReporter -->
<testsuite hostname="Welcome" name="com.scp.java.spring.curd.operation.SpringCURD.UserAuthenticationTest" tests="6" failures="0" timestamp="13 Oct 2018 07:36:21 GMT" time="0.062" errors="0">
  <testcase name="userNameNullTest" time="0.004" classname="com.scp.java.spring.curd.operation.SpringCURD.UserAuthenticationTest"/>
  <testcase name="userNameNullTest" time="0.003" classname="com.scp.java.spring.curd.operation.SpringCURD.UserAuthenticationTest"/>
  <testcase name="userNameNullTest" time="0.003" classname="com.scp.java.spring.curd.operation.SpringCURD.UserAuthenticationTest"/>
  <testcase name="userNameNullTest" time="0.004" classname="com.scp.java.spring.curd.operation.SpringCURD.UserAuthenticationTest"/>
  <testcase name="userNameNullTest" time="0.040" classname="com.scp.java.spring.curd.operation.SpringCURD.UserAuthenticationTest"/>
  <testcase name="userNameNullTest" time="0.008" classname="com.scp.java.spring.curd.operation.SpringCURD.UserAuthenticationTest"/>
</testsuite> <!-- com.scp.java.spring.curd.operation.SpringCURD.UserAuthenticationTest -->
